<?xml version="1.0" encoding="UTF-8"?>
<!-- Generated by org.testng.reporters.JUnitReportReporter -->
<testsuite hostname="paytras" failures="0" tests="1" name="tests.Tests" time="5.529" errors="0" timestamp="2022-10-03T07:36:55 MSK" skipped="0">
  <testcase classname="tests.Tests" name="testThree" time="5.529"/>
  <system-out/>
</testsuite> <!-- tests.Tests -->
